<?xml version="1.0" encoding="UTF-8"?>
<testsuite xmlns:xsi="http://www.w3.org/2001/XMLSchema-instance" xsi:noNamespaceSchemaLocation="https://maven.apache.org/surefire/maven-surefire-plugin/xsd/surefire-test-report-3.0.xsd" version="3.0" name="at.fhj.msd.CalculatorTest" time="1.189" tests="12" errors="0" skipped="0" failures="0">
  <properties>
[...]
</properties>
  <testcase name="calcAdd1" classname="at.fhj.msd.CalculatorTest" time="1.066"/>
  <testcase name="calcAdd2" classname="at.fhj.msd.CalculatorTest" time="0.015"/>
  <testcase name="calcDiv1" classname="at.fhj.msd.CalculatorTest" time="0.001"/>
  <testcase name="calcDiv2" classname="at.fhj.msd.CalculatorTest" time="0.002"/>
  <testcase name="exceptionTest" classname="at.fhj.msd.CalculatorTest" time="0.009"/>
  <testcase name="faculty1" classname="at.fhj.msd.CalculatorTest" time="0.002"/>
  <testcase name="faculty2" classname="at.fhj.msd.CalculatorTest" time="0.003"/>
  <testcase name="faculty3" classname="at.fhj.msd.CalculatorTest" time="0.001"/>
  <testcase name="calcMinus1" classname="at.fhj.msd.CalculatorTest" time="0.001"/>
  <testcase name="calcMinus2" classname="at.fhj.msd.CalculatorTest" time="0.001"/>
  <testcase name="calcMulti1" classname="at.fhj.msd.CalculatorTest" time="0.002"/>
  <testcase name="calcMulti2" classname="at.fhj.msd.CalculatorTest" time="0.003"/>
</testsuite>